<?xml version="1.0" encoding="UTF-8"?>
<!-- Generated by org.testng.reporters.JUnitXMLReporter -->
<testsuite ignored="3" hostname="magnur" failures="0" tests="3" name="Test" time="1.016" errors="0" timestamp="2022-07-13T17:04:18 IST">
  <testcase classname="Sample.OrganizationTest" name="editOrganization" time="0.092"/>
  <testcase classname="Sample.ContactTest" name="editContactTest" time="0.003"/>
  <testcase classname="Sample.ProductsTest" name="createProductTest" time="0.002"/>
  <testcase classname="Sample.OrganizationTest" name="createOrganization" time="0.0">
    <ignored/>
  </testcase> <!-- createOrganization -->
  <testcase classname="Sample.ContactTest" name="createContactTest" time="0.0">
    <ignored/>
  </testcase> <!-- createContactTest -->
  <testcase classname="Sample.ProductsTest" name="editProductTest" time="0.0">
    <ignored/>
  </testcase> <!-- editProductTest -->
</testsuite> <!-- Test -->
